Analysis & Synthesis report for PBL3
Thu Feb 22 01:24:15 2024
Quartus Prime Version 20.1.1 Build 720 11/11/2020 SJ Lite Edition


---------------------
; Table of Contents ;
---------------------
  1. Legal Notice
  2. Analysis & Synthesis Summary
  3. Analysis & Synthesis Settings
  4. Parallel Compilation
  5. Analysis & Synthesis Source Files Read
  6. Analysis & Synthesis Resource Usage Summary
  7. Analysis & Synthesis Resource Utilization by Entity
  8. State Machine - |maq_desp|current_state
  9. General Register Statistics
 10. Parameter Settings for User Entity Instance: Top-level Entity: |maq_desp
 11. Analysis & Synthesis Messages



----------------
; Legal Notice ;
----------------
Copyright (C) 2020  Intel Corporation. All rights reserved.
Your use of Intel Corporation's design tools, logic functions 
and other software and tools, and any partner logic 
functions, and any output files from any of the foregoing 
(including device programming or simulation files), and any 
associated documentation or information are expressly subject 
to the terms and conditions of the Intel Program License 
Subscription Agreement, the Intel Quartus Prime License Agreement,
the Intel FPGA IP License Agreement, or other applicable license
agreement, including, without limitation, that your use is for
the sole purpose of programming logic devices manufactured by
Intel and sold by Intel or its authorized distributors.  Please
refer to the applicable agreement for further details, at
https://fpgasoftware.intel.com/eula.



+---------------------------------------------------------------------------+
; Analysis & Synthesis Summary                                              ;
+-----------------------------+---------------------------------------------+
; Analysis & Synthesis Status ; Successful - Thu Feb 22 01:24:15 2024       ;
; Quartus Prime Version       ; 20.1.1 Build 720 11/11/2020 SJ Lite Edition ;
; Revision Name               ; PBL3                                        ;
; Top-level Entity Name       ; maq_desp                                    ;
; Family                      ; MAX II                                      ;
; Total logic elements        ; 5                                           ;
; Total pins                  ; 6                                           ;
; Total virtual pins          ; 0                                           ;
; UFM blocks                  ; 0 / 1 ( 0 % )                               ;
+-----------------------------+---------------------------------------------+


+------------------------------------------------------------------------------------------------------------+
; Analysis & Synthesis Settings                                                                              ;
+------------------------------------------------------------------+--------------------+--------------------+
; Option                                                           ; Setting            ; Default Value      ;
+------------------------------------------------------------------+--------------------+--------------------+
; Device                                                           ; EPM240T100C5       ;                    ;
; Top-level entity name                                            ; maq_desp           ; PBL3               ;
; Family name                                                      ; MAX II             ; Cyclone V          ;
; Use smart compilation                                            ; Off                ; Off                ;
; Enable parallel Assembler and Timing Analyzer during compilation ; On                 ; On                 ;
; Enable compact report table                                      ; Off                ; Off                ;
; Restructure Multiplexers                                         ; Auto               ; Auto               ;
; Create Debugging Nodes for IP Cores                              ; Off                ; Off                ;
; Preserve fewer node names                                        ; On                 ; On                 ;
; Intel FPGA IP Evaluation Mode                                    ; Enable             ; Enable             ;
; Verilog Version                                                  ; Verilog_2001       ; Verilog_2001       ;
; VHDL Version                                                     ; VHDL_1993          ; VHDL_1993          ;
; State Machine Processing                                         ; Auto               ; Auto               ;
; Safe State Machine                                               ; Off                ; Off                ;
; Extract Verilog State Machines                                   ; On                 ; On                 ;
; Extract VHDL State Machines                                      ; On                 ; On                 ;
; Ignore Verilog initial constructs                                ; Off                ; Off                ;
; Iteration limit for constant Verilog loops                       ; 5000               ; 5000               ;
; Iteration limit for non-constant Verilog loops                   ; 250                ; 250                ;
; Add Pass-Through Logic to Inferred RAMs                          ; On                 ; On                 ;
; Infer RAMs from Raw Logic                                        ; On                 ; On                 ;
; Parallel Synthesis                                               ; On                 ; On                 ;
; NOT Gate Push-Back                                               ; On                 ; On                 ;
; Power-Up Don't Care                                              ; On                 ; On                 ;
; Remove Redundant Logic Cells                                     ; Off                ; Off                ;
; Remove Duplicate Registers                                       ; On                 ; On                 ;
; Ignore CARRY Buffers                                             ; Off                ; Off                ;
; Ignore CASCADE Buffers                                           ; Off                ; Off                ;
; Ignore GLOBAL Buffers                                            ; Off                ; Off                ;
; Ignore ROW GLOBAL Buffers                                        ; Off                ; Off                ;
; Ignore LCELL Buffers                                             ; Off                ; Off                ;
; Ignore SOFT Buffers                                              ; On                 ; On                 ;
; Limit AHDL Integers to 32 Bits                                   ; Off                ; Off                ;
; Optimization Technique                                           ; Balanced           ; Balanced           ;
; Carry Chain Length                                               ; 70                 ; 70                 ;
; Auto Carry Chains                                                ; On                 ; On                 ;
; Auto Open-Drain Pins                                             ; On                 ; On                 ;
; Perform WYSIWYG Primitive Resynthesis                            ; Off                ; Off                ;
; Auto Shift Register Replacement                                  ; Auto               ; Auto               ;
; Allow Shift Register Merging across Hierarchies                  ; Auto               ; Auto               ;
; Auto Clock Enable Replacement                                    ; On                 ; On                 ;
; Allow Synchronous Control Signals                                ; On                 ; On                 ;
; Force Use of Synchronous Clear Signals                           ; Off                ; Off                ;
; Auto Resource Sharing                                            ; Off                ; Off                ;
; Use LogicLock Constraints during Resource Balancing              ; On                 ; On                 ;
; Ignore translate_off and synthesis_off directives                ; Off                ; Off                ;
; Report Parameter Settings                                        ; On                 ; On                 ;
; Report Source Assignments                                        ; On                 ; On                 ;
; Report Connectivity Checks                                       ; On                 ; On                 ;
; Ignore Maximum Fan-Out Assignments                               ; Off                ; Off                ;
; Synchronization Register Chain Length                            ; 2                  ; 2                  ;
; Power Optimization During Synthesis                              ; Normal compilation ; Normal compilation ;
; HDL message level                                                ; Level2             ; Level2             ;
; Suppress Register Optimization Related Messages                  ; Off                ; Off                ;
; Number of Removed Registers Reported in Synthesis Report         ; 5000               ; 5000               ;
; Number of Swept Nodes Reported in Synthesis Report               ; 5000               ; 5000               ;
; Number of Inverted Registers Reported in Synthesis Report        ; 100                ; 100                ;
; Clock MUX Protection                                             ; On                 ; On                 ;
; Block Design Naming                                              ; Auto               ; Auto               ;
; Synthesis Effort                                                 ; Auto               ; Auto               ;
; Shift Register Replacement - Allow Asynchronous Clear Signal     ; On                 ; On                 ;
; Analysis & Synthesis Message Level                               ; Medium             ; Medium             ;
; Disable Register Merging Across Hierarchies                      ; Auto               ; Auto               ;
+------------------------------------------------------------------+--------------------+--------------------+


+------------------------------------------+
; Parallel Compilation                     ;
+----------------------------+-------------+
; Processors                 ; Number      ;
+----------------------------+-------------+
; Number detected on machine ; 12          ;
; Maximum allowed            ; 12          ;
;                            ;             ;
; Average used               ; 1.00        ;
; Maximum used               ; 1           ;
;                            ;             ;
; Usage by Processor         ; % Time Used ;
;     Processor 1            ; 100.0%      ;
+----------------------------+-------------+


+------------------------------------------------------------------------------------------------------------------------------------------------------------------------+
; Analysis & Synthesis Source Files Read                                                                                                                                 ;
+----------------------------------+-----------------+------------------------+--------------------------------------------------------------------------------+---------+
; File Name with User-Entered Path ; Used in Netlist ; File Type              ; File Name with Absolute Path                                                   ; Library ;
+----------------------------------+-----------------+------------------------+--------------------------------------------------------------------------------+---------+
; maq_desp.v                       ; yes             ; User Verilog HDL File  ; C:/Users/nalbe/Downloads/PBL-3-main-20240221T212103Z-001/PBL-3-main/maq_desp.v ;         ;
+----------------------------------+-----------------+------------------------+--------------------------------------------------------------------------------+---------+


+-----------------------------------------------------+
; Analysis & Synthesis Resource Usage Summary         ;
+---------------------------------------------+-------+
; Resource                                    ; Usage ;
+---------------------------------------------+-------+
; Total logic elements                        ; 5     ;
;     -- Combinational with no register       ; 2     ;
;     -- Register only                        ; 0     ;
;     -- Combinational with a register        ; 3     ;
;                                             ;       ;
; Logic element usage by number of LUT inputs ;       ;
;     -- 4 input functions                    ; 2     ;
;     -- 3 input functions                    ; 2     ;
;     -- 2 input functions                    ; 1     ;
;     -- 1 input functions                    ; 0     ;
;     -- 0 input functions                    ; 0     ;
;                                             ;       ;
; Logic elements by mode                      ;       ;
;     -- normal mode                          ; 5     ;
;     -- arithmetic mode                      ; 0     ;
;     -- qfbk mode                            ; 0     ;
;     -- register cascade mode                ; 0     ;
;     -- synchronous clear/load mode          ; 0     ;
;     -- asynchronous clear/load mode         ; 3     ;
;                                             ;       ;
; Total registers                             ; 3     ;
; I/O pins                                    ; 6     ;
; Maximum fan-out node                        ; RO    ;
; Maximum fan-out                             ; 5     ;
; Total fan-out                               ; 24    ;
; Average fan-out                             ; 2.18  ;
+---------------------------------------------+-------+


+------------------------------------------------------------------------------------------------------------------------------------------------------------------------------------------------------------------------------------+
; Analysis & Synthesis Resource Utilization by Entity                                                                                                                                                                                ;
+----------------------------+-------------+--------------+------------+------+--------------+--------------+-------------------+------------------+-----------------+------------+---------------------+-------------+--------------+
; Compilation Hierarchy Node ; Logic Cells ; LC Registers ; UFM Blocks ; Pins ; Virtual Pins ; LUT-Only LCs ; Register-Only LCs ; LUT/Register LCs ; Carry Chain LCs ; Packed LCs ; Full Hierarchy Name ; Entity Name ; Library Name ;
+----------------------------+-------------+--------------+------------+------+--------------+--------------+-------------------+------------------+-----------------+------------+---------------------+-------------+--------------+
; |maq_desp                  ; 5 (5)       ; 3            ; 0          ; 6    ; 0            ; 2 (2)        ; 0 (0)             ; 3 (3)            ; 0 (0)           ; 0 (0)      ; |maq_desp           ; maq_desp    ; work         ;
+----------------------------+-------------+--------------+------------+------+--------------+--------------+-------------------+------------------+-----------------+------------+---------------------+-------------+--------------+
Note: For table entries with two numbers listed, the numbers in parentheses indicate the number of resources of the given type used by the specific entity alone. The numbers listed outside of parentheses indicate the total resources of the given type used by the specific entity and all of its sub-entities in the hierarchy.


Encoding Type:  One-Hot
+-------------------------------------------------------------------------------------------------+
; State Machine - |maq_desp|current_state                                                         ;
+-------------------------+-------------------------+----------------------+----------------------+
; Name                    ; current_state.Desligado ; current_state.Alarme ; current_state.Ligado ;
+-------------------------+-------------------------+----------------------+----------------------+
; current_state.Desligado ; 0                       ; 0                    ; 0                    ;
; current_state.Ligado    ; 1                       ; 0                    ; 1                    ;
; current_state.Alarme    ; 1                       ; 1                    ; 0                    ;
+-------------------------+-------------------------+----------------------+----------------------+


+------------------------------------------------------+
; General Register Statistics                          ;
+----------------------------------------------+-------+
; Statistic                                    ; Value ;
+----------------------------------------------+-------+
; Total registers                              ; 3     ;
; Number of registers using Synchronous Clear  ; 0     ;
; Number of registers using Synchronous Load   ; 0     ;
; Number of registers using Asynchronous Clear ; 3     ;
; Number of registers using Asynchronous Load  ; 0     ;
; Number of registers using Clock Enable       ; 0     ;
; Number of registers using Preset             ; 0     ;
+----------------------------------------------+-------+


+--------------------------------------------------------------------------+
; Parameter Settings for User Entity Instance: Top-level Entity: |maq_desp ;
+----------------+-------+-------------------------------------------------+
; Parameter Name ; Value ; Type                                            ;
+----------------+-------+-------------------------------------------------+
; Alarme         ; 10    ; Unsigned Binary                                 ;
; Desligado      ; 00    ; Unsigned Binary                                 ;
; Ligado         ; 01    ; Unsigned Binary                                 ;
+----------------+-------+-------------------------------------------------+
Note: In order to hide this table in the UI and the text report file, please set the "Show Parameter Settings in Synthesis Report" option in "Analysis and Synthesis Settings -> More Settings" to "Off".


+-------------------------------+
; Analysis & Synthesis Messages ;
+-------------------------------+
Info: *******************************************************************
Info: Running Quartus Prime Analysis & Synthesis
    Info: Version 20.1.1 Build 720 11/11/2020 SJ Lite Edition
    Info: Processing started: Thu Feb 22 01:24:07 2024
Info: Command: quartus_map --read_settings_files=on --write_settings_files=off PBL3 -c PBL3
Warning (18236): Number of processors has not been specified which may cause overloading on shared machines.  Set the global assignment NUM_PARALLEL_PROCESSORS in your QSF to an appropriate value for best performance.
Info (20030): Parallel compilation is enabled and will use 12 of the 12 processors detected
Info (12021): Found 1 design units, including 1 entities, in source file pbl3.v
    Info (12023): Found entity 1: PBL3 File: C:/Users/nalbe/Downloads/PBL-3-main-20240221T212103Z-001/PBL-3-main/PBL3.v Line: 1
Info (12021): Found 1 design units, including 1 entities, in source file d_ff.v
    Info (12023): Found entity 1: d_ff File: C:/Users/nalbe/Downloads/PBL-3-main-20240221T212103Z-001/PBL-3-main/d_ff.v Line: 1
Info (12021): Found 1 design units, including 1 entities, in source file decod_numeros_7seg.v
    Info (12023): Found entity 1: decod_numeros_7seg File: C:/Users/nalbe/Downloads/PBL-3-main-20240221T212103Z-001/PBL-3-main/decod_numeros_7seg.v Line: 1
Info (12021): Found 1 design units, including 1 entities, in source file mux_4_1.v
    Info (12023): Found entity 1: MUX_4_1 File: C:/Users/nalbe/Downloads/PBL-3-main-20240221T212103Z-001/PBL-3-main/MUX_4_1.v Line: 1
Info (12021): Found 1 design units, including 1 entities, in source file contador_sin_2bit.v
    Info (12023): Found entity 1: contador_sin_2bit File: C:/Users/nalbe/Downloads/PBL-3-main-20240221T212103Z-001/PBL-3-main/contador_sin_2bit.v Line: 1
Info (12021): Found 1 design units, including 1 entities, in source file decod_2_4.v
    Info (12023): Found entity 1: decod_2_4 File: C:/Users/nalbe/Downloads/PBL-3-main-20240221T212103Z-001/PBL-3-main/decod_2_4.v Line: 1
Info (12021): Found 0 design units, including 0 entities, in source file modulo_display.v
Info (12021): Found 1 design units, including 1 entities, in source file contador_2bit_desc_lim2.v
    Info (12023): Found entity 1: contador_2bit_desc_lim2 File: C:/Users/nalbe/Downloads/PBL-3-main-20240221T212103Z-001/PBL-3-main/contador_2bit_desc_lim2.v Line: 1
Info (12021): Found 1 design units, including 1 entities, in source file contador_4bit_desc_lim5.v
    Info (12023): Found entity 1: contador_4bit_desc_lim5 File: C:/Users/nalbe/Downloads/PBL-3-main-20240221T212103Z-001/PBL-3-main/contador_4bit_desc_lim5.v Line: 1
Info (12021): Found 1 design units, including 1 entities, in source file contador_3bit_padrao.v
    Info (12023): Found entity 1: contador_3bit_padrao File: C:/Users/nalbe/Downloads/PBL-3-main-20240221T212103Z-001/PBL-3-main/contador_3bit_padrao.v Line: 1
Info (12021): Found 1 design units, including 1 entities, in source file decod_numeros_7seg_0a9.v
    Info (12023): Found entity 1: decod_numeros_7seg_0a9 File: C:/Users/nalbe/Downloads/PBL-3-main-20240221T212103Z-001/PBL-3-main/decod_numeros_7seg_0a9.v Line: 1
Info (12021): Found 1 design units, including 1 entities, in source file decod_numeros_7seg_0a3.v
    Info (12023): Found entity 1: decod_numeros_7seg_0a3 File: C:/Users/nalbe/Downloads/PBL-3-main-20240221T212103Z-001/PBL-3-main/decod_numeros_7seg_0a3.v Line: 1
Info (12021): Found 1 design units, including 1 entities, in source file contador_4bit_asc_lim9.v
    Info (12023): Found entity 1: contador_4bit_asc_lim9 File: C:/Users/nalbe/Downloads/PBL-3-main-20240221T212103Z-001/PBL-3-main/contador_4bit_asc_lim9.v Line: 1
Info (12021): Found 1 design units, including 1 entities, in source file contador_2bit_asc.v
    Info (12023): Found entity 1: contador_2bit_asc File: C:/Users/nalbe/Downloads/PBL-3-main-20240221T212103Z-001/PBL-3-main/contador_2bit_asc.v Line: 1
Info (12021): Found 1 design units, including 1 entities, in source file div_clock.v
    Info (12023): Found entity 1: div_clock File: C:/Users/nalbe/Downloads/PBL-3-main-20240221T212103Z-001/PBL-3-main/div_clock.v Line: 1
Info (12021): Found 1 design units, including 1 entities, in source file debouncer.v
    Info (12023): Found entity 1: debouncer File: C:/Users/nalbe/Downloads/PBL-3-main-20240221T212103Z-001/PBL-3-main/debouncer.v Line: 1
Info (12021): Found 1 design units, including 1 entities, in source file maq_esteira.v
    Info (12023): Found entity 1: maq_esteira File: C:/Users/nalbe/Downloads/PBL-3-main-20240221T212103Z-001/PBL-3-main/maq_esteira.v Line: 1
Info (12021): Found 1 design units, including 1 entities, in source file maq_enc_veda.v
    Info (12023): Found entity 1: maq_enc_veda File: C:/Users/nalbe/Downloads/PBL-3-main-20240221T212103Z-001/PBL-3-main/maq_enc_veda.v Line: 1
Info (12021): Found 1 design units, including 1 entities, in source file maq_desp.v
    Info (12023): Found entity 1: maq_desp File: C:/Users/nalbe/Downloads/PBL-3-main-20240221T212103Z-001/PBL-3-main/maq_desp.v Line: 1
Warning (10236): Verilog HDL Implicit Net warning at PBL3.v(25): created implicit net for "B0_inv" File: C:/Users/nalbe/Downloads/PBL-3-main-20240221T212103Z-001/PBL-3-main/PBL3.v Line: 25
Warning (10236): Verilog HDL Implicit Net warning at PBL3.v(26): created implicit net for "B1_inv" File: C:/Users/nalbe/Downloads/PBL-3-main-20240221T212103Z-001/PBL-3-main/PBL3.v Line: 26
Warning (10236): Verilog HDL Implicit Net warning at PBL3.v(29): created implicit net for "c_gar" File: C:/Users/nalbe/Downloads/PBL-3-main-20240221T212103Z-001/PBL-3-main/PBL3.v Line: 29
Warning (10236): Verilog HDL Implicit Net warning at PBL3.v(30): created implicit net for "c_rol" File: C:/Users/nalbe/Downloads/PBL-3-main-20240221T212103Z-001/PBL-3-main/PBL3.v Line: 30
Warning (10236): Verilog HDL Implicit Net warning at PBL3.v(32): created implicit net for "recarga_auto" File: C:/Users/nalbe/Downloads/PBL-3-main-20240221T212103Z-001/PBL-3-main/PBL3.v Line: 32
Warning (10236): Verilog HDL Implicit Net warning at PBL3.v(35): created implicit net for "pode_recaregar" File: C:/Users/nalbe/Downloads/PBL-3-main-20240221T212103Z-001/PBL-3-main/PBL3.v Line: 35
Warning (10236): Verilog HDL Implicit Net warning at PBL3.v(36): created implicit net for "r_zerada" File: C:/Users/nalbe/Downloads/PBL-3-main-20240221T212103Z-001/PBL-3-main/PBL3.v Line: 36
Warning (10236): Verilog HDL Implicit Net warning at PBL3.v(37): created implicit net for "pode_diminuir" File: C:/Users/nalbe/Downloads/PBL-3-main-20240221T212103Z-001/PBL-3-main/PBL3.v Line: 37
Warning (10236): Verilog HDL Implicit Net warning at PBL3.v(44): created implicit net for "unidade_completa_r" File: C:/Users/nalbe/Downloads/PBL-3-main-20240221T212103Z-001/PBL-3-main/PBL3.v Line: 44
Warning (10236): Verilog HDL Implicit Net warning at PBL3.v(45): created implicit net for "minimo_rolhas" File: C:/Users/nalbe/Downloads/PBL-3-main-20240221T212103Z-001/PBL-3-main/PBL3.v Line: 45
Warning (10236): Verilog HDL Implicit Net warning at PBL3.v(70): created implicit net for "unidade_completa_g" File: C:/Users/nalbe/Downloads/PBL-3-main-20240221T212103Z-001/PBL-3-main/PBL3.v Line: 70
Info (12127): Elaborating entity "maq_desp" for the top level hierarchy
Info (21057): Implemented 11 device resources after synthesis - the final resource count might be different
    Info (21058): Implemented 4 input pins
    Info (21059): Implemented 2 output pins
    Info (21061): Implemented 5 logic cells
Info: Quartus Prime Analysis & Synthesis was successful. 0 errors, 12 warnings
    Info: Peak virtual memory: 4704 megabytes
    Info: Processing ended: Thu Feb 22 01:24:15 2024
    Info: Elapsed time: 00:00:08
    Info: Total CPU time (on all processors): 00:00:10


